d:\documents\visual studio 2015\projects\year 2\low level programming\trontake2\builds\debug\trongamew32.int\trongamew32.pdb
d:\documents\visual studio 2015\projects\year 2\low level programming\trontake2\builds\debug\trongamew32.int\trongamew32.idb
d:\documents\visual studio 2015\projects\year 2\low level programming\trontake2\builds\debug\trongamew32.int\cyclestatedown.obj
d:\documents\visual studio 2015\projects\year 2\low level programming\trontake2\builds\debug\trongamew32.int\cyclestateleft.obj
d:\documents\visual studio 2015\projects\year 2\low level programming\trontake2\builds\debug\trongamew32.int\cyclestateright.obj
d:\documents\visual studio 2015\projects\year 2\low level programming\trontake2\builds\debug\trongamew32.int\cyclestateup.obj
d:\documents\visual studio 2015\projects\year 2\low level programming\trontake2\builds\debug\trongamew32.int\gameobject.obj
d:\documents\visual studio 2015\projects\year 2\low level programming\trontake2\builds\debug\trongamew32.int\lightcyclestate.obj
d:\documents\visual studio 2015\projects\year 2\low level programming\trontake2\builds\debug\trongamew32.int\lightzone.obj
d:\documents\visual studio 2015\projects\year 2\low level programming\trontake2\builds\debug\trongamew32.int\lightcycle.obj
d:\documents\visual studio 2015\projects\year 2\low level programming\trontake2\builds\debug\trongamew32.int\tile.obj
d:\documents\visual studio 2015\projects\year 2\low level programming\trontake2\builds\debug\trongamew32.int\trongame.obj
d:\documents\visual studio 2015\projects\year 2\low level programming\trontake2\builds\debug\trongamew32.lib
d:\documents\visual studio 2015\projects\year 2\low level programming\trontake2\builds\debug\trongamew32.pdb
d:\documents\visual studio 2015\projects\year 2\low level programming\trontake2\builds\debug\trongamew32.int\trongamew32.tlog\cl.command.1.tlog
d:\documents\visual studio 2015\projects\year 2\low level programming\trontake2\builds\debug\trongamew32.int\trongamew32.tlog\cl.read.1.tlog
d:\documents\visual studio 2015\projects\year 2\low level programming\trontake2\builds\debug\trongamew32.int\trongamew32.tlog\cl.write.1.tlog
d:\documents\visual studio 2015\projects\year 2\low level programming\trontake2\builds\debug\trongamew32.int\trongamew32.tlog\lib-link.read.1.tlog
d:\documents\visual studio 2015\projects\year 2\low level programming\trontake2\builds\debug\trongamew32.int\trongamew32.tlog\lib-link.write.1.tlog
d:\documents\visual studio 2015\projects\year 2\low level programming\trontake2\builds\debug\trongamew32.int\trongamew32.tlog\lib.command.1.tlog
