d:\documents\visual studio 2015\projects\year 2\low level programming\trontake2\builds\debug\tronclientw32.int\vc140.pdb
d:\documents\visual studio 2015\projects\year 2\low level programming\trontake2\builds\debug\tronclientw32.int\vc140.idb
d:\documents\visual studio 2015\projects\year 2\low level programming\trontake2\builds\debug\tronclientw32.int\endgamestate.obj
d:\documents\visual studio 2015\projects\year 2\low level programming\trontake2\builds\debug\tronclientw32.int\enumstates.obj
d:\documents\visual studio 2015\projects\year 2\low level programming\trontake2\builds\debug\tronclientw32.int\game.obj
d:\documents\visual studio 2015\projects\year 2\low level programming\trontake2\builds\debug\tronclientw32.int\gamedata.obj
d:\documents\visual studio 2015\projects\year 2\low level programming\trontake2\builds\debug\tronclientw32.int\gameobject2d.obj
d:\documents\visual studio 2015\projects\year 2\low level programming\trontake2\builds\debug\tronclientw32.int\gamestate.obj
d:\documents\visual studio 2015\projects\year 2\low level programming\trontake2\builds\debug\tronclientw32.int\gamemanager.obj
d:\documents\visual studio 2015\projects\year 2\low level programming\trontake2\builds\debug\tronclientw32.int\inputhandler.obj
d:\documents\visual studio 2015\projects\year 2\low level programming\trontake2\builds\debug\tronclientw32.int\main.obj
d:\documents\visual studio 2015\projects\year 2\low level programming\trontake2\builds\debug\tronclientw32.int\playstate.obj
d:\documents\visual studio 2015\projects\year 2\low level programming\trontake2\builds\debug\tronclientw32.int\splashstate.obj
d:\documents\visual studio 2015\projects\year 2\low level programming\trontake2\builds\debug\tronclientw32.int\tronclient.obj
d:\documents\visual studio 2015\projects\year 2\low level programming\trontake2\builds\debug\tronclientw32.ilk
d:\documents\visual studio 2015\projects\year 2\low level programming\trontake2\builds\debug\tronclientw32.exe
d:\documents\visual studio 2015\projects\year 2\low level programming\trontake2\builds\debug\tronclientw32.pdb
d:\documents\visual studio 2015\projects\year 2\low level programming\trontake2\builds\debug\tronclientw32.lib
d:\documents\visual studio 2015\projects\year 2\low level programming\trontake2\builds\debug\tronclientw32.exp
d:\documents\visual studio 2015\projects\year 2\low level programming\trontake2\builds\debug\tronclientw32.int\tronclientw32.tlog\cl.command.1.tlog
d:\documents\visual studio 2015\projects\year 2\low level programming\trontake2\builds\debug\tronclientw32.int\tronclientw32.tlog\cl.read.1.tlog
d:\documents\visual studio 2015\projects\year 2\low level programming\trontake2\builds\debug\tronclientw32.int\tronclientw32.tlog\cl.write.1.tlog
d:\documents\visual studio 2015\projects\year 2\low level programming\trontake2\builds\debug\tronclientw32.int\tronclientw32.tlog\link.command.1.tlog
d:\documents\visual studio 2015\projects\year 2\low level programming\trontake2\builds\debug\tronclientw32.int\tronclientw32.tlog\link.read.1.tlog
d:\documents\visual studio 2015\projects\year 2\low level programming\trontake2\builds\debug\tronclientw32.int\tronclientw32.tlog\link.write.1.tlog
d:\documents\visual studio 2015\projects\year 2\low level programming\trontake2\builds\debug\tronclientw32.int\tronclientw32.tlog\tronclientw32.write.1u.tlog
