  TronClient.cpp
  SplashState.cpp
d:\documents\visual studio 2015\projects\year 2\low level programming\trontake2\code\client\splashstate.cpp(18): warning C4244: 'argument': conversion from 'double' to 'float', possible loss of data
d:\documents\visual studio 2015\projects\year 2\low level programming\trontake2\code\client\splashstate.cpp(23): warning C4244: 'argument': conversion from 'double' to 'float', possible loss of data
d:\documents\visual studio 2015\projects\year 2\low level programming\trontake2\code\client\splashstate.cpp(27): warning C4244: 'argument': conversion from 'double' to 'float', possible loss of data
d:\documents\visual studio 2015\projects\year 2\low level programming\trontake2\code\client\splashstate.cpp(33): warning C4244: 'argument': conversion from 'double' to 'float', possible loss of data
d:\documents\visual studio 2015\projects\year 2\low level programming\trontake2\code\client\splashstate.cpp(39): warning C4244: 'argument': conversion from 'double' to 'float', possible loss of data
d:\documents\visual studio 2015\projects\year 2\low level programming\trontake2\code\client\splashstate.cpp(45): warning C4244: 'argument': conversion from 'double' to 'float', possible loss of data
d:\documents\visual studio 2015\projects\year 2\low level programming\trontake2\code\client\splashstate.cpp(50): warning C4244: 'argument': conversion from 'double' to 'float', possible loss of data
d:\documents\visual studio 2015\projects\year 2\low level programming\trontake2\code\client\splashstate.cpp(55): warning C4244: 'argument': conversion from 'double' to 'float', possible loss of data
d:\documents\visual studio 2015\projects\year 2\low level programming\trontake2\code\client\splashstate.cpp(64): warning C4244: 'argument': conversion from 'unsigned int' to 'float', possible loss of data
d:\documents\visual studio 2015\projects\year 2\low level programming\trontake2\code\client\splashstate.cpp(70): warning C4244: 'argument': conversion from 'double' to 'float', possible loss of data
d:\documents\visual studio 2015\projects\year 2\low level programming\trontake2\code\client\splashstate.cpp(76): warning C4244: 'argument': conversion from 'double' to 'float', possible loss of data
d:\documents\visual studio 2015\projects\year 2\low level programming\trontake2\code\client\splashstate.cpp(82): warning C4244: 'argument': conversion from 'double' to 'float', possible loss of data
d:\documents\visual studio 2015\projects\year 2\low level programming\trontake2\code\client\splashstate.cpp(90): warning C4244: 'argument': conversion from 'double' to 'float', possible loss of data
d:\documents\visual studio 2015\projects\year 2\low level programming\trontake2\code\client\splashstate.cpp(95): warning C4244: 'argument': conversion from 'double' to 'float', possible loss of data
d:\documents\visual studio 2015\projects\year 2\low level programming\trontake2\code\client\splashstate.cpp(124): warning C4018: '<': signed/unsigned mismatch
d:\documents\visual studio 2015\projects\year 2\low level programming\trontake2\code\client\splashstate.cpp(139): warning C4018: '<': signed/unsigned mismatch
  PlayState.cpp
d:\documents\visual studio 2015\projects\year 2\low level programming\trontake2\code\client\playstate.cpp(59): warning C4018: '<': signed/unsigned mismatch
d:\documents\visual studio 2015\projects\year 2\low level programming\trontake2\code\client\playstate.cpp(64): warning C4018: '<': signed/unsigned mismatch
d:\documents\visual studio 2015\projects\year 2\low level programming\trontake2\code\client\playstate.cpp(132): warning C4018: '<': signed/unsigned mismatch
d:\documents\visual studio 2015\projects\year 2\low level programming\trontake2\code\client\playstate.cpp(173): warning C4018: '<': signed/unsigned mismatch
  main.cpp
  InputHandler.cpp
  GameManager.cpp
d:\documents\visual studio 2015\projects\year 2\low level programming\trontake2\code\client\gamemanager.cpp(218): warning C4244: 'argument': conversion from 'int' to 'float', possible loss of data
d:\documents\visual studio 2015\projects\year 2\low level programming\trontake2\code\client\gamemanager.cpp(219): warning C4244: 'argument': conversion from 'int' to 'float', possible loss of data
d:\documents\visual studio 2015\projects\year 2\low level programming\trontake2\code\client\gamemanager.cpp(224): warning C4244: 'argument': conversion from 'int' to 'float', possible loss of data
d:\documents\visual studio 2015\projects\year 2\low level programming\trontake2\code\client\gamemanager.cpp(225): warning C4244: 'argument': conversion from 'int' to 'float', possible loss of data
d:\documents\visual studio 2015\projects\year 2\low level programming\trontake2\code\client\gamemanager.cpp(237): warning C4244: 'argument': conversion from 'int' to 'float', possible loss of data
d:\documents\visual studio 2015\projects\year 2\low level programming\trontake2\code\client\gamemanager.cpp(238): warning C4244: 'argument': conversion from 'int' to 'float', possible loss of data
d:\documents\visual studio 2015\projects\year 2\low level programming\trontake2\code\client\gamemanager.cpp(305): warning C4018: '<': signed/unsigned mismatch
d:\documents\visual studio 2015\projects\year 2\low level programming\trontake2\code\client\gamemanager.cpp(313): warning C4244: 'initializing': conversion from 'int' to 'float', possible loss of data
d:\documents\visual studio 2015\projects\year 2\low level programming\trontake2\code\client\gamemanager.cpp(346): warning C4018: '<': signed/unsigned mismatch
  GameState.cpp
  GameObject2D.cpp
d:\documents\visual studio 2015\projects\year 2\low level programming\trontake2\code\client\gameobject2d.cpp(17): warning C4244: 'argument': conversion from 'double' to 'float', possible loss of data
d:\documents\visual studio 2015\projects\year 2\low level programming\trontake2\code\client\gameobject2d.cpp(38): warning C4244: 'argument': conversion from 'int' to 'float', possible loss of data
  GameData.cpp
d:\documents\visual studio 2015\projects\year 2\low level programming\trontake2\code\client\gamedata.cpp(16): warning C4244: 'argument': conversion from 'int' to 'const float', possible loss of data
d:\documents\visual studio 2015\projects\year 2\low level programming\trontake2\code\client\gamedata.cpp(17): warning C4244: 'argument': conversion from 'int' to 'const float', possible loss of data
d:\documents\visual studio 2015\projects\year 2\low level programming\trontake2\code\client\gamedata.cpp(19): warning C4244: 'argument': conversion from 'int' to 'const float', possible loss of data
d:\documents\visual studio 2015\projects\year 2\low level programming\trontake2\code\client\gamedata.cpp(20): warning C4244: 'argument': conversion from 'int' to 'const float', possible loss of data
d:\documents\visual studio 2015\projects\year 2\low level programming\trontake2\code\client\gamedata.cpp(57): warning C4244: 'return': conversion from 'float' to 'int', possible loss of data
d:\documents\visual studio 2015\projects\year 2\low level programming\trontake2\code\client\gamedata.cpp(71): warning C4244: 'return': conversion from 'float' to 'int', possible loss of data
  Game.cpp
d:\documents\visual studio 2015\projects\year 2\low level programming\trontake2\code\client\game.cpp(25): warning C4244: 'argument': conversion from 'float' to 'unsigned int', possible loss of data
  enumStates.cpp
  EndGameState.cpp
d:\documents\visual studio 2015\projects\year 2\low level programming\trontake2\code\client\endgamestate.cpp(20): warning C4244: 'argument': conversion from 'double' to 'float', possible loss of data
d:\documents\visual studio 2015\projects\year 2\low level programming\trontake2\code\client\endgamestate.cpp(29): warning C4244: 'argument': conversion from 'double' to 'float', possible loss of data
d:\documents\visual studio 2015\projects\year 2\low level programming\trontake2\code\client\endgamestate.cpp(55): warning C4018: '<': signed/unsigned mismatch
d:\documents\visual studio 2015\projects\year 2\low level programming\trontake2\code\client\endgamestate.cpp(60): warning C4018: '<': signed/unsigned mismatch
  Generating Code...
     Creating library D:\Documents\Visual Studio 2015\Projects\Year 2\Low Level Programming\TronTake2\Builds\Debug\TronClientW32.lib and object D:\Documents\Visual Studio 2015\Projects\Year 2\Low Level Programming\TronTake2\Builds\Debug\TronClientW32.exp
sfml-main-d.lib(MainWin32.cpp.obj) : warning LNK4099: PDB 'vc140.pdb' was not found with 'sfml-main-d.lib(MainWin32.cpp.obj)' or at 'D:\Documents\Visual Studio 2015\Projects\Year 2\Low Level Programming\TronTake2\Builds\Debug\vc140.pdb'; linking object as if no debug info
  TronClientW32.vcxproj -> D:\Documents\Visual Studio 2015\Projects\Year 2\Low Level Programming\TronTake2\Builds\Debug\TronClientW32.exe
  D:\Documents\Visual Studio 2015\Projects\Year 2\Low Level Programming\TronTake2\Libs\SFML-2.4.2\bin\openal32.dll -> D:\Documents\Visual Studio 2015\Projects\Year 2\Low Level Programming\TronTake2\Builds\Debug\openal32.dll
  D:\Documents\Visual Studio 2015\Projects\Year 2\Low Level Programming\TronTake2\Libs\SFML-2.4.2\bin\sfml-audio-2.dll -> D:\Documents\Visual Studio 2015\Projects\Year 2\Low Level Programming\TronTake2\Builds\Debug\sfml-audio-2.dll
  D:\Documents\Visual Studio 2015\Projects\Year 2\Low Level Programming\TronTake2\Libs\SFML-2.4.2\bin\sfml-audio-d-2.dll -> D:\Documents\Visual Studio 2015\Projects\Year 2\Low Level Programming\TronTake2\Builds\Debug\sfml-audio-d-2.dll
  D:\Documents\Visual Studio 2015\Projects\Year 2\Low Level Programming\TronTake2\Libs\SFML-2.4.2\bin\sfml-graphics-2.dll -> D:\Documents\Visual Studio 2015\Projects\Year 2\Low Level Programming\TronTake2\Builds\Debug\sfml-graphics-2.dll
  D:\Documents\Visual Studio 2015\Projects\Year 2\Low Level Programming\TronTake2\Libs\SFML-2.4.2\bin\sfml-graphics-d-2.dll -> D:\Documents\Visual Studio 2015\Projects\Year 2\Low Level Programming\TronTake2\Builds\Debug\sfml-graphics-d-2.dll
  D:\Documents\Visual Studio 2015\Projects\Year 2\Low Level Programming\TronTake2\Libs\SFML-2.4.2\bin\sfml-network-2.dll -> D:\Documents\Visual Studio 2015\Projects\Year 2\Low Level Programming\TronTake2\Builds\Debug\sfml-network-2.dll
  D:\Documents\Visual Studio 2015\Projects\Year 2\Low Level Programming\TronTake2\Libs\SFML-2.4.2\bin\sfml-network-d-2.dll -> D:\Documents\Visual Studio 2015\Projects\Year 2\Low Level Programming\TronTake2\Builds\Debug\sfml-network-d-2.dll
  D:\Documents\Visual Studio 2015\Projects\Year 2\Low Level Programming\TronTake2\Libs\SFML-2.4.2\bin\sfml-system-2.dll -> D:\Documents\Visual Studio 2015\Projects\Year 2\Low Level Programming\TronTake2\Builds\Debug\sfml-system-2.dll
  D:\Documents\Visual Studio 2015\Projects\Year 2\Low Level Programming\TronTake2\Libs\SFML-2.4.2\bin\sfml-system-d-2.dll -> D:\Documents\Visual Studio 2015\Projects\Year 2\Low Level Programming\TronTake2\Builds\Debug\sfml-system-d-2.dll
  D:\Documents\Visual Studio 2015\Projects\Year 2\Low Level Programming\TronTake2\Libs\SFML-2.4.2\bin\sfml-window-2.dll -> D:\Documents\Visual Studio 2015\Projects\Year 2\Low Level Programming\TronTake2\Builds\Debug\sfml-window-2.dll
  D:\Documents\Visual Studio 2015\Projects\Year 2\Low Level Programming\TronTake2\Libs\SFML-2.4.2\bin\sfml-window-d-2.dll -> D:\Documents\Visual Studio 2015\Projects\Year 2\Low Level Programming\TronTake2\Builds\Debug\sfml-window-d-2.dll
  11 File(s) copied
  D:\Documents\Visual Studio 2015\Projects\Year 2\Low Level Programming\TronTake2\Resources\AButton.png -> D:\Documents\Visual Studio 2015\Projects\Year 2\Low Level Programming\TronTake2\Builds\Debug\Resources\AButton.png
  D:\Documents\Visual Studio 2015\Projects\Year 2\Low Level Programming\TronTake2\Resources\BAUHS93.ttf -> D:\Documents\Visual Studio 2015\Projects\Year 2\Low Level Programming\TronTake2\Builds\Debug\Resources\BAUHS93.ttf
  D:\Documents\Visual Studio 2015\Projects\Year 2\Low Level Programming\TronTake2\Resources\BButton.png -> D:\Documents\Visual Studio 2015\Projects\Year 2\Low Level Programming\TronTake2\Builds\Debug\Resources\BButton.png
  D:\Documents\Visual Studio 2015\Projects\Year 2\Low Level Programming\TronTake2\Resources\LeftStick.png -> D:\Documents\Visual Studio 2015\Projects\Year 2\Low Level Programming\TronTake2\Builds\Debug\Resources\LeftStick.png
  D:\Documents\Visual Studio 2015\Projects\Year 2\Low Level Programming\TronTake2\Resources\LightCycleAqua.png -> D:\Documents\Visual Studio 2015\Projects\Year 2\Low Level Programming\TronTake2\Builds\Debug\Resources\LightCycleAqua.png
  D:\Documents\Visual Studio 2015\Projects\Year 2\Low Level Programming\TronTake2\Resources\LightCyclePurple.png -> D:\Documents\Visual Studio 2015\Projects\Year 2\Low Level Programming\TronTake2\Builds\Debug\Resources\LightCyclePurple.png
  D:\Documents\Visual Studio 2015\Projects\Year 2\Low Level Programming\TronTake2\Resources\LightCycleRed.png -> D:\Documents\Visual Studio 2015\Projects\Year 2\Low Level Programming\TronTake2\Builds\Debug\Resources\LightCycleRed.png
  D:\Documents\Visual Studio 2015\Projects\Year 2\Low Level Programming\TronTake2\Resources\LightCycleYellow.png -> D:\Documents\Visual Studio 2015\Projects\Year 2\Low Level Programming\TronTake2\Builds\Debug\Resources\LightCycleYellow.png
  D:\Documents\Visual Studio 2015\Projects\Year 2\Low Level Programming\TronTake2\Resources\README.txt -> D:\Documents\Visual Studio 2015\Projects\Year 2\Low Level Programming\TronTake2\Builds\Debug\Resources\README.txt
  D:\Documents\Visual Studio 2015\Projects\Year 2\Low Level Programming\TronTake2\Resources\TronSplash.png -> D:\Documents\Visual Studio 2015\Projects\Year 2\Low Level Programming\TronTake2\Builds\Debug\Resources\TronSplash.png
  10 File(s) copied
